This is pdfTeX, Version 3.14159265-2.6-1.40.21 (TeX Live 2020/Debian) (preloaded format=pdflatex 2023.11.6)  3 JUN 2024 14:33
entering extended mode
 restricted \write18 enabled.
 file:line:error style messages enabled.
 %&-line parsing enabled.
**/mnt/md1/mmestre/work/2020/halostream/sources/stream_fit/tex/paper/AA/proof/editorCorrections/48626corr.tex
(/mnt/md1/mmestre/work/2020/halostream/sources/stream_fit/tex/paper/AA/proof/editorCorrections/48626corr.tex
LaTeX2e <2020-10-01> patch level 4
L3 programming layer <2021-01-09> xparse <2020-03-03>

! LaTeX Error: File `aa.cls' not found.

Type X to quit or <RETURN> to proceed,
or enter new name. (Default extension: cls)

Enter file name: 
/mnt/md1/mmestre/work/2020/halostream/sources/stream_fit/tex/paper/AA/proof/editorCorrections/48626corr.tex:13: Emergency stop.
<read *> 
         
l.13 ^^M
        
*** (cannot \read from terminal in nonstop modes)

 
Here is how much of TeX's memory you used:
 21 strings out of 481190
 800 string characters out of 5913950
 266266 words of memory out of 5000000
 17067 multiletter control sequences out of 15000+600000
 403430 words of font info for 27 fonts, out of 8000000 for 9000
 40 hyphenation exceptions out of 8191
 32i,0n,39p,182b,13s stack positions out of 5000i,500n,10000p,200000b,80000s
/mnt/md1/mmestre/work/2020/halostream/sources/stream_fit/tex/paper/AA/proof/editorCorrections/48626corr.tex:13:  ==> Fatal error occurred, no output PDF file produced!
